<?xml version="1.0" encoding="UTF-8"?>
<!-- Generated by org.testng.reporters.JUnitXMLReporter -->
<testsuite ignored="0" hostname="LAPTOP-9J15PCB5" failures="0" tests="4" name="Default test" time="45.892" errors="0" timestamp="2025-09-12T15:00:41 IST">
  <testcase classname="testcases.IciciPru" name="validateHomePageTitle" time="21.362"/>
  <testcase classname="testcases.IciciPru" name="validaeTermInsuranceMenu" time="4.036"/>
  <testcase classname="testcases.IciciPru" name="validaeNRIPlansMenu" time="2.937"/>
  <testcase classname="testcases.IciciPru" name="validaeLogin" time="7.906"/>
</testsuite> <!-- Default test -->
