<?xml version="1.0" encoding="UTF-8"?>
<!-- Generated by org.testng.reporters.JUnitXMLReporter -->
<testsuite ignored="0" hostname="LAPTOP-9J15PCB5" failures="0" tests="4" name="ChromeTest" time="92.33" errors="0" timestamp="2025-09-12T15:15:21 IST">
  <testcase classname="testcases.IciciPru" name="validateHomePageTitle" time="9.31"/>
  <testcase classname="testcases.IciciPru" name="validaeTermInsuranceMenu" time="1.918"/>
  <testcase classname="testcases.IciciPru" name="validaeNRIPlansMenu" time="3.263"/>
  <testcase classname="testcases.IciciPru" name="validaeLogin" time="12.806"/>
</testsuite> <!-- ChromeTest -->
