<?xml version="1.0" encoding="UTF-8"?>
<!-- Generated by org.testng.reporters.JUnitXMLReporter -->
<testsuite ignored="0" hostname="LAPTOP-9J15PCB5" failures="0" tests="4" name="ChromeTest" time="43.33" errors="0" timestamp="2025-09-18T17:38:28 IST">
  <testcase classname="testcases.IciciPru" name="validateHomePageTitle" time="0.735"/>
  <testcase classname="testcases.IciciPru" name="validaeTermInsuranceMenu" time="2.96"/>
  <testcase classname="testcases.IciciPru" name="validaeNRIPlansMenu" time="1.003"/>
  <testcase classname="testcases.IciciPru" name="validaeLogin" time="5.403"/>
</testsuite> <!-- ChromeTest -->
