<?xml version="1.0" encoding="UTF-8"?>
<!-- Generated by org.testng.reporters.JUnitXMLReporter -->
<testsuite ignored="0" hostname="LAPTOP-9J15PCB5" failures="0" tests="4" name="EdgeTest" time="45.146" errors="0" timestamp="2025-09-18T17:38:29 IST">
  <testcase classname="testcases.IciciPru" name="validateHomePageTitle" time="0.138"/>
  <testcase classname="testcases.IciciPru" name="validaeTermInsuranceMenu" time="3.083"/>
  <testcase classname="testcases.IciciPru" name="validaeNRIPlansMenu" time="2.166"/>
  <testcase classname="testcases.IciciPru" name="validaeLogin" time="5.398"/>
</testsuite> <!-- EdgeTest -->
