<?xml version="1.0" encoding="UTF-8"?>
<!-- Generated by org.testng.reporters.JUnitXMLReporter -->
<testsuite ignored="0" hostname="LAPTOP-9J15PCB5" failures="0" tests="4" name="EdgeTest" time="92.598" errors="0" timestamp="2025-09-12T15:15:21 IST">
  <testcase classname="testcases.IciciPru" name="validateHomePageTitle" time="0.665"/>
  <testcase classname="testcases.IciciPru" name="validaeTermInsuranceMenu" time="14.86"/>
  <testcase classname="testcases.IciciPru" name="validaeNRIPlansMenu" time="1.62"/>
  <testcase classname="testcases.IciciPru" name="validaeLogin" time="8.995"/>
</testsuite> <!-- EdgeTest -->
