<?xml version="1.0" encoding="UTF-8"?>
<!-- Generated by org.testng.reporters.JUnitXMLReporter -->
<testsuite ignored="0" hostname="LAPTOP-9J15PCB5" failures="0" tests="4" name="Test" time="46.815" errors="0" timestamp="2025-09-12T15:09:18 IST">
  <testcase classname="testcases.IciciPru" name="validateHomePageTitle" time="19.69"/>
  <testcase classname="testcases.IciciPru" name="validaeTermInsuranceMenu" time="3.233"/>
  <testcase classname="testcases.IciciPru" name="validaeNRIPlansMenu" time="1.739"/>
  <testcase classname="testcases.IciciPru" name="validaeLogin" time="9.431"/>
</testsuite> <!-- Test -->
