<?xml version="1.0" encoding="UTF-8"?>
<testng-results ignored="0" total="8" passed="8" failed="0" skipped="0">
  <reporter-output>
  </reporter-output>
  <suite started-at="2025-09-18T17:37:44 IST" name="Suite" finished-at="2025-09-18T17:38:29 IST" duration-ms="45146">
    <groups>
    </groups>
    <test started-at="2025-09-18T17:37:44 IST" name="ChromeTest" finished-at="2025-09-18T17:38:28 IST" duration-ms="43330">
      <class name="testcases.IciciPru">
        <test-method is-config="true" signature="setup(java.lang.String)[pri:0, instance:testcases.IciciPru@1972e513]" started-at="2025-09-18T17:37:44 IST" name="setup" finished-at="2025-09-18T17:38:15 IST" duration-ms="30456" status="PASS">
          <params>
            <param index="0">
              <value>
                <![CDATA[chrome]]>
              </value>
            </param>
          </params>
          <reporter-output>
          </reporter-output>
        </test-method> <!-- setup -->
        <test-method signature="validateHomePageTitle()[pri:1, instance:testcases.IciciPru@1972e513]" started-at="2025-09-18T17:38:15 IST" name="validateHomePageTitle" finished-at="2025-09-18T17:38:16 IST" duration-ms="735" status="PASS">
          <reporter-output>
          </reporter-output>
        </test-method> <!-- validateHomePageTitle -->
        <test-method signature="validaeTermInsuranceMenu()[pri:2, instance:testcases.IciciPru@1972e513]" started-at="2025-09-18T17:38:16 IST" name="validaeTermInsuranceMenu" finished-at="2025-09-18T17:38:19 IST" duration-ms="2960" status="PASS">
          <reporter-output>
          </reporter-output>
        </test-method> <!-- validaeTermInsuranceMenu -->
        <test-method signature="validaeNRIPlansMenu()[pri:3, instance:testcases.IciciPru@1972e513]" started-at="2025-09-18T17:38:19 IST" name="validaeNRIPlansMenu" finished-at="2025-09-18T17:38:20 IST" duration-ms="1003" status="PASS">
          <reporter-output>
          </reporter-output>
        </test-method> <!-- validaeNRIPlansMenu -->
        <test-method signature="validaeLogin()[pri:4, instance:testcases.IciciPru@1972e513]" started-at="2025-09-18T17:38:20 IST" name="validaeLogin" finished-at="2025-09-18T17:38:25 IST" duration-ms="5403" status="PASS">
          <reporter-output>
          </reporter-output>
        </test-method> <!-- validaeLogin -->
        <test-method is-config="true" signature="teardown()[pri:0, instance:testcases.IciciPru@1972e513]" started-at="2025-09-18T17:38:25 IST" name="teardown" finished-at="2025-09-18T17:38:28 IST" duration-ms="2496" status="PASS">
          <reporter-output>
          </reporter-output>
        </test-method> <!-- teardown -->
      </class> <!-- testcases.IciciPru -->
    </test> <!-- ChromeTest -->
    <test started-at="2025-09-18T17:37:44 IST" name="EdgeTest" finished-at="2025-09-18T17:38:29 IST" duration-ms="45146">
      <class name="testcases.IciciPru">
        <test-method is-config="true" signature="setup(java.lang.String)[pri:0, instance:testcases.IciciPru@15043a2f]" started-at="2025-09-18T17:37:44 IST" name="setup" finished-at="2025-09-18T17:38:18 IST" duration-ms="33854" status="PASS">
          <params>
            <param index="0">
              <value>
                <![CDATA[edge]]>
              </value>
            </param>
          </params>
          <reporter-output>
          </reporter-output>
        </test-method> <!-- setup -->
        <test-method signature="validateHomePageTitle()[pri:1, instance:testcases.IciciPru@15043a2f]" started-at="2025-09-18T17:38:18 IST" name="validateHomePageTitle" finished-at="2025-09-18T17:38:18 IST" duration-ms="138" status="PASS">
          <reporter-output>
          </reporter-output>
        </test-method> <!-- validateHomePageTitle -->
        <test-method signature="validaeTermInsuranceMenu()[pri:2, instance:testcases.IciciPru@15043a2f]" started-at="2025-09-18T17:38:18 IST" name="validaeTermInsuranceMenu" finished-at="2025-09-18T17:38:21 IST" duration-ms="3083" status="PASS">
          <reporter-output>
          </reporter-output>
        </test-method> <!-- validaeTermInsuranceMenu -->
        <test-method signature="validaeNRIPlansMenu()[pri:3, instance:testcases.IciciPru@15043a2f]" started-at="2025-09-18T17:38:21 IST" name="validaeNRIPlansMenu" finished-at="2025-09-18T17:38:24 IST" duration-ms="2166" status="PASS">
          <reporter-output>
          </reporter-output>
        </test-method> <!-- validaeNRIPlansMenu -->
        <test-method signature="validaeLogin()[pri:4, instance:testcases.IciciPru@15043a2f]" started-at="2025-09-18T17:38:24 IST" name="validaeLogin" finished-at="2025-09-18T17:38:29 IST" duration-ms="5398" status="PASS">
          <reporter-output>
          </reporter-output>
        </test-method> <!-- validaeLogin -->
        <test-method is-config="true" signature="teardown()[pri:0, instance:testcases.IciciPru@15043a2f]" started-at="2025-09-18T17:38:29 IST" name="teardown" finished-at="2025-09-18T17:38:29 IST" duration-ms="412" status="PASS">
          <reporter-output>
          </reporter-output>
        </test-method> <!-- teardown -->
      </class> <!-- testcases.IciciPru -->
    </test> <!-- EdgeTest -->
  </suite> <!-- Suite -->
</testng-results>
