<?xml version="1.0" encoding="UTF-8"?>
<testng-results ignored="0" total="8" passed="8" failed="0" skipped="0">
  <reporter-output>
  </reporter-output>
  <suite started-at="2025-09-12T15:13:48 IST" name="Suite" finished-at="2025-09-12T15:15:21 IST" duration-ms="92598">
    <groups>
    </groups>
    <test started-at="2025-09-12T15:13:48 IST" name="ChromeTest" finished-at="2025-09-12T15:15:21 IST" duration-ms="92330">
      <class name="testcases.IciciPru">
        <test-method is-config="true" signature="setup(java.lang.String)[pri:0, instance:testcases.IciciPru@1972e513]" started-at="2025-09-12T15:13:48 IST" name="setup" finished-at="2025-09-12T15:14:39 IST" duration-ms="50131" status="PASS">
          <params>
            <param index="0">
              <value>
                <![CDATA[chrome]]>
              </value>
            </param>
          </params>
          <reporter-output>
          </reporter-output>
        </test-method> <!-- setup -->
        <test-method signature="validateHomePageTitle()[pri:1, instance:testcases.IciciPru@1972e513]" started-at="2025-09-12T15:14:39 IST" name="validateHomePageTitle" finished-at="2025-09-12T15:14:49 IST" duration-ms="9310" status="PASS">
          <reporter-output>
          </reporter-output>
        </test-method> <!-- validateHomePageTitle -->
        <test-method signature="validaeTermInsuranceMenu()[pri:2, instance:testcases.IciciPru@1972e513]" started-at="2025-09-12T15:14:49 IST" name="validaeTermInsuranceMenu" finished-at="2025-09-12T15:14:51 IST" duration-ms="1918" status="PASS">
          <reporter-output>
          </reporter-output>
        </test-method> <!-- validaeTermInsuranceMenu -->
        <test-method signature="validaeNRIPlansMenu()[pri:3, instance:testcases.IciciPru@1972e513]" started-at="2025-09-12T15:14:51 IST" name="validaeNRIPlansMenu" finished-at="2025-09-12T15:14:54 IST" duration-ms="3263" status="PASS">
          <reporter-output>
          </reporter-output>
        </test-method> <!-- validaeNRIPlansMenu -->
        <test-method signature="validaeLogin()[pri:4, instance:testcases.IciciPru@1972e513]" started-at="2025-09-12T15:14:54 IST" name="validaeLogin" finished-at="2025-09-12T15:15:07 IST" duration-ms="12806" status="PASS">
          <reporter-output>
          </reporter-output>
        </test-method> <!-- validaeLogin -->
        <test-method is-config="true" signature="teardown()[pri:0, instance:testcases.IciciPru@1972e513]" started-at="2025-09-12T15:15:07 IST" name="teardown" finished-at="2025-09-12T15:15:21 IST" duration-ms="13949" status="PASS">
          <reporter-output>
          </reporter-output>
        </test-method> <!-- teardown -->
      </class> <!-- testcases.IciciPru -->
    </test> <!-- ChromeTest -->
    <test started-at="2025-09-12T15:13:48 IST" name="EdgeTest" finished-at="2025-09-12T15:15:21 IST" duration-ms="92598">
      <class name="testcases.IciciPru">
        <test-method is-config="true" signature="setup(java.lang.String)[pri:0, instance:testcases.IciciPru@15043a2f]" started-at="2025-09-12T15:13:48 IST" name="setup" finished-at="2025-09-12T15:14:53 IST" duration-ms="64355" status="PASS">
          <params>
            <param index="0">
              <value>
                <![CDATA[edge]]>
              </value>
            </param>
          </params>
          <reporter-output>
          </reporter-output>
        </test-method> <!-- setup -->
        <test-method signature="validateHomePageTitle()[pri:1, instance:testcases.IciciPru@15043a2f]" started-at="2025-09-12T15:14:53 IST" name="validateHomePageTitle" finished-at="2025-09-12T15:14:54 IST" duration-ms="665" status="PASS">
          <reporter-output>
          </reporter-output>
        </test-method> <!-- validateHomePageTitle -->
        <test-method signature="validaeTermInsuranceMenu()[pri:2, instance:testcases.IciciPru@15043a2f]" started-at="2025-09-12T15:14:54 IST" name="validaeTermInsuranceMenu" finished-at="2025-09-12T15:15:08 IST" duration-ms="14860" status="PASS">
          <reporter-output>
          </reporter-output>
        </test-method> <!-- validaeTermInsuranceMenu -->
        <test-method signature="validaeNRIPlansMenu()[pri:3, instance:testcases.IciciPru@15043a2f]" started-at="2025-09-12T15:15:08 IST" name="validaeNRIPlansMenu" finished-at="2025-09-12T15:15:10 IST" duration-ms="1620" status="PASS">
          <reporter-output>
          </reporter-output>
        </test-method> <!-- validaeNRIPlansMenu -->
        <test-method signature="validaeLogin()[pri:4, instance:testcases.IciciPru@15043a2f]" started-at="2025-09-12T15:15:10 IST" name="validaeLogin" finished-at="2025-09-12T15:15:19 IST" duration-ms="8995" status="PASS">
          <reporter-output>
          </reporter-output>
        </test-method> <!-- validaeLogin -->
        <test-method is-config="true" signature="teardown()[pri:0, instance:testcases.IciciPru@15043a2f]" started-at="2025-09-12T15:15:19 IST" name="teardown" finished-at="2025-09-12T15:15:21 IST" duration-ms="1976" status="PASS">
          <reporter-output>
          </reporter-output>
        </test-method> <!-- teardown -->
      </class> <!-- testcases.IciciPru -->
    </test> <!-- EdgeTest -->
  </suite> <!-- Suite -->
</testng-results>
